<?xml version="1.0" encoding="UTF-8"?>
<!-- Generated by org.testng.reporters.JUnitXMLReporter -->
<testsuite ignored="0" hostname="DESKTOP-UNJUDHI" failures="1" tests="1" name="Test" time="0.731" errors="0" timestamp="2022-09-15T11:49:27 IST">
  <testcase classname="TestNgPractiesTest.TestNgTest3" name="step2Test" time="0.705">
    <failure type="org.testng.internal.reflect.MethodMatcherException" message="
[public void TestNgPractiesTest.TestNgTest3.step2Test(java.lang.String,int)] has no parameters defined but was found to be using a data provider (either explicitly specified or inherited from class level annotation).
Data provider mismatch
Method: step2Test([Parameter{index=0, type=java.lang.String, declaredAnnotations=[]}, Parameter{index=1, type=int, declaredAnnotations=[]}])
Arguments: [(java.lang.String) Mysore,(java.lang.String) 571602]">
      <![CDATA[org.testng.internal.reflect.MethodMatcherException: 
[public void TestNgPractiesTest.TestNgTest3.step2Test(java.lang.String,int)] has no parameters defined but was found to be using a data provider (either explicitly specified or inherited from class level annotation).
Data provider mismatch
Method: step2Test([Parameter{index=0, type=java.lang.String, declaredAnnotations=[]}, Parameter{index=1, type=int, declaredAnnotations=[]}])
Arguments: [(java.lang.String) Mysore,(java.lang.String) 571602]
at java.base/java.util.ArrayList.forEach(ArrayList.java:1511)
... Removed 22 stack frames]]>
    </failure>
  </testcase> <!-- step2Test -->
</testsuite> <!-- Test -->
